Arguments: 
  /usr/local/Cellar/node/18.6.0/bin/node /Users/thewildgander/.node/corepack/yarn/1.22.19/bin/yarn.js add -D --ignore-workspace-root-check @storybook/svelte@^6.5.9 @storybook/addon-links@^6.5.9 @storybook/addon-essentials@^6.5.9 @storybook/addon-actions@^6.5.9 @storybook/addon-interactions@^6.5.9 @storybook/testing-library@^0.0.13 svelte@^3.49.0 svelte-loader@^3.1.3 @storybook/builder-vite@^0.2.0 @babel/core@^7.18.9 babel-loader@^8.2.5

PATH: 
  /Users/thewildgander/Library/pnpm/store/v3/tmp/dlx-13419/node_modules/.bin:/Users/thewildgander/.bun/bin:/usr/local/opt/openssl@3/bin:/Users/thewildgander/Library/pnpm:/Users/thewildgander/.pyenv/shims:/usr/local/sbin:/Users/thewildgander/.bun/bin:/usr/local/opt/openssl@3/bin:/Users/thewildgander/Library/pnpm:/usr/local/sbin:/Library/Frameworks/Python.framework/Versions/2.7/bin:/usr/local/bin:/usr/bin:/bin:/usr/sbin:/sbin:/Applications/VMware Fusion.app/Contents/Public:/Library/Apple/usr/bin:/Users/thewildgander/.cargo/bin:/Applications/kitty.app/Contents/MacOS:/usr/local/opt/fzf/bin

Yarn version: 
  1.22.19

Node version: 
  18.6.0

Platform: 
  darwin x64

Trace: 
  Error: ENOENT: no such file or directory, copyfile '/Users/thewildgander/Library/Caches/Yarn/v6/npm-glob-parent-6.0.2-6d237d99083950c79290f24c7642a3de9a28f9e3-integrity/node_modules/glob-parent/LICENSE' -> '/Users/thewildgander/Projects/svelte-template/node_modules/eslint/node_modules/glob-parent/LICENSE'

npm manifest: 
  {
  	"name": "svelte-template",
  	"version": "0.0.1",
  	"scripts": {
  		"dev": "vite dev",
  		"build": "vite build",
  		"package": "svelte-kit package",
  		"preview": "vite preview",
  		"prepare": "svelte-kit sync",
  		"check": "svelte-check --tsconfig ./tsconfig.json",
  		"check:watch": "svelte-check --tsconfig ./tsconfig.json --watch",
  		"lint": "prettier --check --plugin-search-dir=. . && eslint .",
  		"format": "prettier --write --plugin-search-dir=. ."
  	},
  	"devDependencies": {
  		"@sveltejs/adapter-auto": "next",
  		"@sveltejs/kit": "next",
  		"@typescript-eslint/eslint-plugin": "^5.27.0",
  		"@typescript-eslint/parser": "^5.27.0",
  		"autoprefixer": "^10.4.7",
  		"eslint": "^8.16.0",
  		"eslint-config-prettier": "^8.3.0",
  		"eslint-plugin-svelte3": "^4.0.0",
  		"postcss": "^8.4.14",
  		"postcss-import": "^14.1.0",
  		"postcss-preset-env": "^7.7.2",
  		"prettier": "^2.6.2",
  		"prettier-plugin-svelte": "^2.7.0",
  		"svelte": "^3.44.0",
  		"svelte-check": "^2.7.1",
  		"svelte-preprocess": "^4.10.7",
  		"tailwindcss": "^3.1.6",
  		"tslib": "^2.3.1",
  		"typescript": "^4.7.4",
  		"vite": "^3.0.0"
  	},
  	"type": "module"
  }

yarn manifest: 
  No manifest

Lockfile: 
  No lockfile
